2021-06-22T01:14:34+00:00 CRITICAL Uncaught Error: Object of class WP_Error could not be converted to string in /home/c/cryptotik/cryptotik.beget.tech/public_html/wp-content/plugins/wp-user-avatar/deprecated/wp-user-avatar/includes/class-wp-user-avatar.php:137
Stack trace:
#0 /home/c/cryptotik/cryptotik.beget.tech/public_html/wp-content/plugins/wp-user-avatar/deprecated/wp-user-avatar/includes/class-wp-user-avatar.php(35): WP_User_Avatar::wpua_core_show_user_profile(Object(WP_User))
#1 [internal function]: WP_User_Avatar->{closure}('<a href="https:...', Object(WP_User))
#2 /home/c/cryptotik/cryptotik.beget.tech/public_html/wp-includes/class-wp-hook.php(292): call_user_func_array(Object(Closure), Array)
#3 /home/c/cryptotik/cryptotik.beget.tech/public_html/wp-includes/plugin.php(212): WP_Hook->apply_filters('<a href="https:...', Array)
#4 /home/c/cryptotik/cryptotik.beget.tech/public_html/wp-admin/user-edit.php(606): apply_filters('user_profile_pi...', '<a href="https:...', Object(WP_User))
#5 /home/c/cryptotik/cryptotik.beget.tech/public_html/ in /home/c/cryptotik/cryptotik.beget.tech/public_html/wp-content/plugins/wp-user-avatar/deprecated/wp-user-avatar/includes/class-wp-user-avatar.php on line 137

2021-06-22T02:04:13+00:00 CRITICAL Uncaught Error: Object of class WP_Error could not be converted to string in /home/c/cryptotik/cryptotik.beget.tech/public_html/wp-content/plugins/wp-user-avatar/deprecated/wp-user-avatar/includes/class-wp-user-avatar.php:137
Stack trace:
#0 /home/c/cryptotik/cryptotik.beget.tech/public_html/wp-content/plugins/wp-user-avatar/deprecated/wp-user-avatar/includes/class-wp-user-avatar.php(35): WP_User_Avatar::wpua_core_show_user_profile(Object(WP_User))
#1 [internal function]: WP_User_Avatar->{closure}('<a href="https:...', Object(WP_User))
#2 /home/c/cryptotik/cryptotik.beget.tech/public_html/wp-includes/class-wp-hook.php(292): call_user_func_array(Object(Closure), Array)
#3 /home/c/cryptotik/cryptotik.beget.tech/public_html/wp-includes/plugin.php(212): WP_Hook->apply_filters('<a href="https:...', Array)
#4 /home/c/cryptotik/cryptotik.beget.tech/public_html/wp-admin/user-edit.php(606): apply_filters('user_profile_pi...', '<a href="https:...', Object(WP_User))
#5 /home/c/cryptotik/cryptotik.beget.tech/public_html/ in /home/c/cryptotik/cryptotik.beget.tech/public_html/wp-content/plugins/wp-user-avatar/deprecated/wp-user-avatar/includes/class-wp-user-avatar.php on line 137

2021-06-22T02:07:18+00:00 CRITICAL syntax error, unexpected '}' in /home/c/cryptotik/cryptotik.beget.tech/public_html/wp-content/themes/twentytwentyone/circle.php on line 52

2021-06-22T02:08:39+00:00 CRITICAL Uncaught Error: Object of class WP_Error could not be converted to string in /home/c/cryptotik/cryptotik.beget.tech/public_html/wp-content/plugins/wp-user-avatar/deprecated/wp-user-avatar/includes/class-wp-user-avatar.php:137
Stack trace:
#0 /home/c/cryptotik/cryptotik.beget.tech/public_html/wp-content/plugins/wp-user-avatar/deprecated/wp-user-avatar/includes/class-wp-user-avatar.php(35): WP_User_Avatar::wpua_core_show_user_profile(Object(WP_User))
#1 [internal function]: WP_User_Avatar->{closure}('<a href="https:...', Object(WP_User))
#2 /home/c/cryptotik/cryptotik.beget.tech/public_html/wp-includes/class-wp-hook.php(292): call_user_func_array(Object(Closure), Array)
#3 /home/c/cryptotik/cryptotik.beget.tech/public_html/wp-includes/plugin.php(212): WP_Hook->apply_filters('<a href="https:...', Array)
#4 /home/c/cryptotik/cryptotik.beget.tech/public_html/wp-admin/user-edit.php(606): apply_filters('user_profile_pi...', '<a href="https:...', Object(WP_User))
#5 /home/c/cryptotik/cryptotik.beget.tech/public_html/ in /home/c/cryptotik/cryptotik.beget.tech/public_html/wp-content/plugins/wp-user-avatar/deprecated/wp-user-avatar/includes/class-wp-user-avatar.php on line 137

2021-06-22T02:08:58+00:00 CRITICAL Uncaught Error: Object of class WP_Error could not be converted to string in /home/c/cryptotik/cryptotik.beget.tech/public_html/wp-content/plugins/wp-user-avatar/deprecated/wp-user-avatar/includes/class-wp-user-avatar.php:137
Stack trace:
#0 /home/c/cryptotik/cryptotik.beget.tech/public_html/wp-content/plugins/wp-user-avatar/deprecated/wp-user-avatar/includes/class-wp-user-avatar.php(35): WP_User_Avatar::wpua_core_show_user_profile(Object(WP_User))
#1 [internal function]: WP_User_Avatar->{closure}('<a href="https:...', Object(WP_User))
#2 /home/c/cryptotik/cryptotik.beget.tech/public_html/wp-includes/class-wp-hook.php(292): call_user_func_array(Object(Closure), Array)
#3 /home/c/cryptotik/cryptotik.beget.tech/public_html/wp-includes/plugin.php(212): WP_Hook->apply_filters('<a href="https:...', Array)
#4 /home/c/cryptotik/cryptotik.beget.tech/public_html/wp-admin/user-edit.php(606): apply_filters('user_profile_pi...', '<a href="https:...', Object(WP_User))
#5 /home/c/cryptotik/cryptotik.beget.tech/public_html/ in /home/c/cryptotik/cryptotik.beget.tech/public_html/wp-content/plugins/wp-user-avatar/deprecated/wp-user-avatar/includes/class-wp-user-avatar.php on line 137

2021-06-22T02:09:15+00:00 CRITICAL Uncaught Error: Object of class WP_Error could not be converted to string in /home/c/cryptotik/cryptotik.beget.tech/public_html/wp-content/plugins/wp-user-avatar/deprecated/wp-user-avatar/includes/class-wp-user-avatar.php:137
Stack trace:
#0 /home/c/cryptotik/cryptotik.beget.tech/public_html/wp-content/plugins/wp-user-avatar/deprecated/wp-user-avatar/includes/class-wp-user-avatar.php(35): WP_User_Avatar::wpua_core_show_user_profile(Object(WP_User))
#1 [internal function]: WP_User_Avatar->{closure}('<a href="https:...', Object(WP_User))
#2 /home/c/cryptotik/cryptotik.beget.tech/public_html/wp-includes/class-wp-hook.php(292): call_user_func_array(Object(Closure), Array)
#3 /home/c/cryptotik/cryptotik.beget.tech/public_html/wp-includes/plugin.php(212): WP_Hook->apply_filters('<a href="https:...', Array)
#4 /home/c/cryptotik/cryptotik.beget.tech/public_html/wp-admin/user-edit.php(606): apply_filters('user_profile_pi...', '<a href="https:...', Object(WP_User))
#5 /home/c/cryptotik/cryptotik.beget.tech/public_html/ in /home/c/cryptotik/cryptotik.beget.tech/public_html/wp-content/plugins/wp-user-avatar/deprecated/wp-user-avatar/includes/class-wp-user-avatar.php on line 137

2021-06-22T02:09:34+00:00 CRITICAL Uncaught Error: Object of class WP_Error could not be converted to string in /home/c/cryptotik/cryptotik.beget.tech/public_html/wp-content/plugins/wp-user-avatar/deprecated/wp-user-avatar/includes/class-wp-user-avatar.php:137
Stack trace:
#0 /home/c/cryptotik/cryptotik.beget.tech/public_html/wp-content/plugins/wp-user-avatar/deprecated/wp-user-avatar/includes/class-wp-user-avatar.php(35): WP_User_Avatar::wpua_core_show_user_profile(Object(WP_User))
#1 [internal function]: WP_User_Avatar->{closure}('<a href="https:...', Object(WP_User))
#2 /home/c/cryptotik/cryptotik.beget.tech/public_html/wp-includes/class-wp-hook.php(292): call_user_func_array(Object(Closure), Array)
#3 /home/c/cryptotik/cryptotik.beget.tech/public_html/wp-includes/plugin.php(212): WP_Hook->apply_filters('<a href="https:...', Array)
#4 /home/c/cryptotik/cryptotik.beget.tech/public_html/wp-admin/user-edit.php(606): apply_filters('user_profile_pi...', '<a href="https:...', Object(WP_User))
#5 /home/c/cryptotik/cryptotik.beget.tech/public_html/ in /home/c/cryptotik/cryptotik.beget.tech/public_html/wp-content/plugins/wp-user-avatar/deprecated/wp-user-avatar/includes/class-wp-user-avatar.php on line 137

2021-06-22T02:10:15+00:00 CRITICAL Uncaught Error: Object of class WP_Error could not be converted to string in /home/c/cryptotik/cryptotik.beget.tech/public_html/wp-content/plugins/wp-user-avatar/deprecated/wp-user-avatar/includes/class-wp-user-avatar.php:137
Stack trace:
#0 /home/c/cryptotik/cryptotik.beget.tech/public_html/wp-content/plugins/wp-user-avatar/deprecated/wp-user-avatar/includes/class-wp-user-avatar.php(35): WP_User_Avatar::wpua_core_show_user_profile(Object(WP_User))
#1 [internal function]: WP_User_Avatar->{closure}('<a href="https:...', Object(WP_User))
#2 /home/c/cryptotik/cryptotik.beget.tech/public_html/wp-includes/class-wp-hook.php(292): call_user_func_array(Object(Closure), Array)
#3 /home/c/cryptotik/cryptotik.beget.tech/public_html/wp-includes/plugin.php(212): WP_Hook->apply_filters('<a href="https:...', Array)
#4 /home/c/cryptotik/cryptotik.beget.tech/public_html/wp-admin/user-edit.php(606): apply_filters('user_profile_pi...', '<a href="https:...', Object(WP_User))
#5 /home/c/cryptotik/cryptotik.beget.tech/public_html/ in /home/c/cryptotik/cryptotik.beget.tech/public_html/wp-content/plugins/wp-user-avatar/deprecated/wp-user-avatar/includes/class-wp-user-avatar.php on line 137

2021-06-22T02:10:17+00:00 CRITICAL syntax error, unexpected '}' in /home/c/cryptotik/cryptotik.beget.tech/public_html/wp-content/themes/twentytwentyone/circle.php on line 52

2021-06-22T02:10:22+00:00 CRITICAL syntax error, unexpected '}' in /home/c/cryptotik/cryptotik.beget.tech/public_html/wp-content/themes/twentytwentyone/circle.php on line 52

2021-06-22T02:10:25+00:00 CRITICAL syntax error, unexpected '}' in /home/c/cryptotik/cryptotik.beget.tech/public_html/wp-content/themes/twentytwentyone/circle.php on line 52

2021-06-22T02:10:42+00:00 CRITICAL syntax error, unexpected '}' in /home/c/cryptotik/cryptotik.beget.tech/public_html/wp-content/themes/twentytwentyone/circle.php on line 52

2021-06-22T02:10:43+00:00 CRITICAL syntax error, unexpected '}' in /home/c/cryptotik/cryptotik.beget.tech/public_html/wp-content/themes/twentytwentyone/circle.php on line 52

2021-06-22T02:11:39+00:00 CRITICAL syntax error, unexpected '}' in /home/c/cryptotik/cryptotik.beget.tech/public_html/wp-content/themes/twentytwentyone/circle.php on line 52

2021-06-22T02:12:22+00:00 CRITICAL syntax error, unexpected '}' in /home/c/cryptotik/cryptotik.beget.tech/public_html/wp-content/themes/twentytwentyone/circle.php on line 52

2021-06-22T02:12:26+00:00 CRITICAL syntax error, unexpected '}' in /home/c/cryptotik/cryptotik.beget.tech/public_html/wp-content/themes/twentytwentyone/circle.php on line 52

2021-06-22T02:13:10+00:00 CRITICAL Uncaught Error: Object of class WP_Error could not be converted to string in /home/c/cryptotik/cryptotik.beget.tech/public_html/wp-content/plugins/wp-user-avatar/deprecated/wp-user-avatar/includes/class-wp-user-avatar.php:137
Stack trace:
#0 /home/c/cryptotik/cryptotik.beget.tech/public_html/wp-content/plugins/wp-user-avatar/deprecated/wp-user-avatar/includes/class-wp-user-avatar.php(35): WP_User_Avatar::wpua_core_show_user_profile(Object(WP_User))
#1 [internal function]: WP_User_Avatar->{closure}('<a href="https:...', Object(WP_User))
#2 /home/c/cryptotik/cryptotik.beget.tech/public_html/wp-includes/class-wp-hook.php(292): call_user_func_array(Object(Closure), Array)
#3 /home/c/cryptotik/cryptotik.beget.tech/public_html/wp-includes/plugin.php(212): WP_Hook->apply_filters('<a href="https:...', Array)
#4 /home/c/cryptotik/cryptotik.beget.tech/public_html/wp-admin/user-edit.php(606): apply_filters('user_profile_pi...', '<a href="https:...', Object(WP_User))
#5 /home/c/cryptotik/cryptotik.beget.tech/public_html/ in /home/c/cryptotik/cryptotik.beget.tech/public_html/wp-content/plugins/wp-user-avatar/deprecated/wp-user-avatar/includes/class-wp-user-avatar.php on line 137

2021-06-22T02:13:23+00:00 CRITICAL Uncaught Error: Object of class WP_Error could not be converted to string in /home/c/cryptotik/cryptotik.beget.tech/public_html/wp-content/plugins/wp-user-avatar/deprecated/wp-user-avatar/includes/class-wp-user-avatar.php:137
Stack trace:
#0 /home/c/cryptotik/cryptotik.beget.tech/public_html/wp-content/plugins/wp-user-avatar/deprecated/wp-user-avatar/includes/class-wp-user-avatar.php(35): WP_User_Avatar::wpua_core_show_user_profile(Object(WP_User))
#1 [internal function]: WP_User_Avatar->{closure}('<a href="https:...', Object(WP_User))
#2 /home/c/cryptotik/cryptotik.beget.tech/public_html/wp-includes/class-wp-hook.php(292): call_user_func_array(Object(Closure), Array)
#3 /home/c/cryptotik/cryptotik.beget.tech/public_html/wp-includes/plugin.php(212): WP_Hook->apply_filters('<a href="https:...', Array)
#4 /home/c/cryptotik/cryptotik.beget.tech/public_html/wp-admin/user-edit.php(606): apply_filters('user_profile_pi...', '<a href="https:...', Object(WP_User))
#5 /home/c/cryptotik/cryptotik.beget.tech/public_html/ in /home/c/cryptotik/cryptotik.beget.tech/public_html/wp-content/plugins/wp-user-avatar/deprecated/wp-user-avatar/includes/class-wp-user-avatar.php on line 137

2021-06-22T02:15:21+00:00 CRITICAL Uncaught Error: Object of class WP_Error could not be converted to string in /home/c/cryptotik/cryptotik.beget.tech/public_html/wp-content/plugins/wp-user-avatar/deprecated/wp-user-avatar/includes/class-wp-user-avatar.php:137
Stack trace:
#0 /home/c/cryptotik/cryptotik.beget.tech/public_html/wp-content/plugins/wp-user-avatar/deprecated/wp-user-avatar/includes/class-wp-user-avatar.php(35): WP_User_Avatar::wpua_core_show_user_profile(Object(WP_User))
#1 [internal function]: WP_User_Avatar->{closure}('<a href="https:...', Object(WP_User))
#2 /home/c/cryptotik/cryptotik.beget.tech/public_html/wp-includes/class-wp-hook.php(292): call_user_func_array(Object(Closure), Array)
#3 /home/c/cryptotik/cryptotik.beget.tech/public_html/wp-includes/plugin.php(212): WP_Hook->apply_filters('<a href="https:...', Array)
#4 /home/c/cryptotik/cryptotik.beget.tech/public_html/wp-admin/user-edit.php(606): apply_filters('user_profile_pi...', '<a href="https:...', Object(WP_User))
#5 /home/c/cryptotik/cryptotik.beget.tech/public_html/ in /home/c/cryptotik/cryptotik.beget.tech/public_html/wp-content/plugins/wp-user-avatar/deprecated/wp-user-avatar/includes/class-wp-user-avatar.php on line 137

2021-06-22T02:16:29+00:00 CRITICAL Uncaught Error: Object of class WP_Error could not be converted to string in /home/c/cryptotik/cryptotik.beget.tech/public_html/wp-content/plugins/wp-user-avatar/deprecated/wp-user-avatar/includes/class-wp-user-avatar.php:137
Stack trace:
#0 /home/c/cryptotik/cryptotik.beget.tech/public_html/wp-content/plugins/wp-user-avatar/deprecated/wp-user-avatar/includes/class-wp-user-avatar.php(35): WP_User_Avatar::wpua_core_show_user_profile(Object(WP_User))
#1 [internal function]: WP_User_Avatar->{closure}('<a href="https:...', Object(WP_User))
#2 /home/c/cryptotik/cryptotik.beget.tech/public_html/wp-includes/class-wp-hook.php(292): call_user_func_array(Object(Closure), Array)
#3 /home/c/cryptotik/cryptotik.beget.tech/public_html/wp-includes/plugin.php(212): WP_Hook->apply_filters('<a href="https:...', Array)
#4 /home/c/cryptotik/cryptotik.beget.tech/public_html/wp-admin/user-edit.php(606): apply_filters('user_profile_pi...', '<a href="https:...', Object(WP_User))
#5 /home/c/cryptotik/cryptotik.beget.tech/public_html/ in /home/c/cryptotik/cryptotik.beget.tech/public_html/wp-content/plugins/wp-user-avatar/deprecated/wp-user-avatar/includes/class-wp-user-avatar.php on line 137

